-------------------------------------------------------------------------------
Test set: com.itcast.mapper.UserMapperTest
-------------------------------------------------------------------------------
Tests run: 1, Failures: 0, Errors: 1, Skipped: 0, Time elapsed: 4.689 s <<< FAILURE! - in com.itcast.mapper.UserMapperTest
test(com.itcast.mapper.UserMapperTest)  Time elapsed: 1.915 s  <<< ERROR!
org.mybatis.spring.MyBatisSystemException: 
nested exception is org.apache.ibatis.exceptions.PersistenceException: 
### Error querying database.  Cause: org.springframework.jdbc.CannotGetJdbcConnectionException: Failed to obtain JDBC Connection; nested exception is java.sql.SQLException: Access denied for user ''@'localhost' (using password: NO)
### The error may exist in com/itcast/mapper/UserMapper.java (best guess)
### The error may involve com.itcast.mapper.UserMapper.selectByPrimaryKey
### The error occurred while executing a query
### Cause: org.springframework.jdbc.CannotGetJdbcConnectionException: Failed to obtain JDBC Connection; nested exception is java.sql.SQLException: Access denied for user ''@'localhost' (using password: NO)
	at com.itcast.mapper.UserMapperTest.test(UserMapperTest.java:17)
Caused by: org.apache.ibatis.exceptions.PersistenceException: 

### Error querying database.  Cause: org.springframework.jdbc.CannotGetJdbcConnectionException: Failed to obtain JDBC Connection; nested exception is java.sql.SQLException: Access denied for user ''@'localhost' (using password: NO)
### The error may exist in com/itcast/mapper/UserMapper.java (best guess)
### The error may involve com.itcast.mapper.UserMapper.selectByPrimaryKey
### The error occurred while executing a query
### Cause: org.springframework.jdbc.CannotGetJdbcConnectionException: Failed to obtain JDBC Connection; nested exception is java.sql.SQLException: Access denied for user ''@'localhost' (using password: NO)
	at com.itcast.mapper.UserMapperTest.test(UserMapperTest.java:17)
Caused by: org.springframework.jdbc.CannotGetJdbcConnectionException: Failed to obtain JDBC Connection; nested exception is java.sql.SQLException: Access denied for user ''@'localhost' (using password: NO)
	at com.itcast.mapper.UserMapperTest.test(UserMapperTest.java:17)
Caused by: java.sql.SQLException: Access denied for user ''@'localhost' (using password: NO)
	at com.itcast.mapper.UserMapperTest.test(UserMapperTest.java:17)

